<?xml version="1.0" encoding="UTF-8"?>
<!-- Generated by org.testng.reporters.JUnitReportReporter -->
<testsuite hostname="DESKTOP-0HPMM13" failures="0" tests="2" name="cucumber.com.aj.Runner" time="0.168" errors="0" timestamp="2023-07-12T10:02:43 IST" skipped="0">
  <testcase classname="cucumber.com.aj.Runner" name="runScenario" time="0.025"/>
  <system-out/>
  <testcase classname="cucumber.com.aj.Runner" name="runScenario" time="0.143"/>
  <system-out/>
</testsuite> <!-- cucumber.com.aj.Runner -->
